<?xml version="1.0" encoding="UTF-8"?>
<testng-results ignored="0" total="1" passed="1" failed="0" skipped="0">
  <reporter-output>
  </reporter-output>
  <suite started-at="2024-04-07T11:32:22 IST" name="Surefire suite" finished-at="2024-04-07T11:32:22 IST" duration-ms="130">
    <groups>
    </groups>
    <test started-at="2024-04-07T11:32:22 IST" name="Surefire test" finished-at="2024-04-07T11:32:22 IST" duration-ms="130">
      <class name="asmt.asmt.AppTest">
        <test-method signature="testApp()[pri:0, instance:testApp(asmt.asmt.AppTest)]" started-at="2024-04-07T11:32:22 IST" name="testApp" finished-at="2024-04-07T11:32:22 IST" duration-ms="24" status="PASS">
          <reporter-output>
          </reporter-output>
        </test-method> <!-- testApp -->
      </class> <!-- asmt.asmt.AppTest -->
    </test> <!-- Surefire test -->
  </suite> <!-- Surefire suite -->
</testng-results>
